[2020-12-05 14:01:22] app.ERROR: The addon with id 29992 does not have name. [] []
[2020-12-05 14:01:23] app.INFO: Protect vendor folder in module contactform [] []
[2020-12-05 14:01:23] app.INFO: Module contactform has no vendor folder [] []
[2020-12-05 14:01:23] app.INFO: Protect vendor folder in module dashactivity [] []
[2020-12-05 14:01:23] app.INFO: Module dashactivity has no vendor folder [] []
[2020-12-05 14:01:23] app.INFO: Protect vendor folder in module dashgoals [] []
[2020-12-05 14:01:23] app.INFO: Module dashgoals has no vendor folder [] []
[2020-12-05 14:01:23] app.INFO: Protect vendor folder in module dashproducts [] []
[2020-12-05 14:01:23] app.INFO: Module dashproducts has no vendor folder [] []
[2020-12-05 14:01:23] app.INFO: Protect vendor folder in module dashtrends [] []
[2020-12-05 14:01:23] app.INFO: Module dashtrends has no vendor folder [] []
[2020-12-05 14:01:23] app.INFO: Protect vendor folder in module graphnvd3 [] []
[2020-12-05 14:01:23] app.INFO: Module graphnvd3 has no vendor folder [] []
[2020-12-05 14:01:23] app.INFO: Protect vendor folder in module gridhtml [] []
[2020-12-05 14:01:23] app.INFO: Module gridhtml has no vendor folder [] []
[2020-12-05 14:01:23] app.INFO: Protect vendor folder in module gsitemap [] []
[2020-12-05 14:01:23] app.INFO: Module gsitemap has no vendor folder [] []
[2020-12-05 14:01:23] app.INFO: Protect vendor folder in module pagesnotfound [] []
[2020-12-05 14:01:23] app.INFO: Module pagesnotfound has no vendor folder [] []
[2020-12-05 14:01:24] app.INFO: Protect vendor folder in module productcomments [] []
[2020-12-05 14:01:24] app.INFO: Module productcomments has no vendor folder [] []
[2020-12-05 14:01:24] app.INFO: Protect vendor folder in module ps_banner [] []
[2020-12-05 14:01:24] app.INFO: Module ps_banner has no vendor folder [] []
[2020-12-05 14:01:24] app.INFO: Protect vendor folder in module ps_categorytree [] []
[2020-12-05 14:01:24] app.INFO: Module ps_categorytree has no vendor folder [] []
[2020-12-05 14:01:24] app.INFO: Protect vendor folder in module ps_checkpayment [] []
[2020-12-05 14:01:24] app.INFO: Module ps_checkpayment has no vendor folder [] []
[2020-12-05 14:01:24] app.INFO: Protect vendor folder in module ps_contactinfo [] []
[2020-12-05 14:01:24] app.INFO: Module ps_contactinfo has no vendor folder [] []
[2020-12-05 14:01:24] app.INFO: Protect vendor folder in module ps_crossselling [] []
[2020-12-05 14:01:24] app.INFO: Module ps_crossselling has no vendor folder [] []
[2020-12-05 14:01:24] app.INFO: Protect vendor folder in module ps_currencyselector [] []
[2020-12-05 14:01:24] app.INFO: Module ps_currencyselector has no vendor folder [] []
[2020-12-05 14:01:24] app.INFO: Protect vendor folder in module ps_customeraccountlinks [] []
[2020-12-05 14:01:24] app.INFO: Module ps_customeraccountlinks has no vendor folder [] []
[2020-12-05 14:01:24] app.INFO: Protect vendor folder in module ps_customersignin [] []
[2020-12-05 14:01:24] app.INFO: Module ps_customersignin has no vendor folder [] []
[2020-12-05 14:01:24] app.INFO: Protect vendor folder in module ps_customtext [] []
[2020-12-05 14:01:24] app.INFO: Module ps_customtext has no vendor folder [] []
[2020-12-05 14:01:24] app.INFO: Protect vendor folder in module ps_dataprivacy [] []
[2020-12-05 14:01:24] app.INFO: Module ps_dataprivacy has no vendor folder [] []
[2020-12-05 14:01:24] app.INFO: Protect vendor folder in module ps_emailsubscription [] []
[2020-12-05 14:01:24] app.INFO: Module ps_emailsubscription has no vendor folder [] []
[2020-12-05 14:01:24] app.INFO: Protect vendor folder in module ps_facetedsearch [] []
[2020-12-05 14:01:24] app.INFO: Module ps_facetedsearch has no vendor folder [] []
[2020-12-05 14:01:24] app.INFO: Protect vendor folder in module ps_faviconnotificationbo [] []
[2020-12-05 14:01:24] app.INFO: Module ps_faviconnotificationbo has no vendor folder [] []
[2020-12-05 14:01:24] app.INFO: Protect vendor folder in module ps_featuredproducts [] []
[2020-12-05 14:01:24] app.INFO: Module ps_featuredproducts has no vendor folder [] []
[2020-12-05 14:01:24] app.INFO: Protect vendor folder in module ps_imageslider [] []
[2020-12-05 14:01:24] app.INFO: Module ps_imageslider has no vendor folder [] []
[2020-12-05 14:01:25] app.INFO: Protect vendor folder in module ps_languageselector [] []
[2020-12-05 14:01:25] app.INFO: Module ps_languageselector has no vendor folder [] []
[2020-12-05 14:01:25] app.INFO: Protect vendor folder in module ps_linklist [] []
[2020-12-05 14:01:25] app.INFO: Module ps_linklist has no vendor folder [] []
[2020-12-05 14:01:25] app.ERROR: Cannot register tab "AdminLinkWidget" because it already exists [] []
[2020-12-05 14:01:25] app.INFO: Protect vendor folder in module ps_mainmenu [] []
[2020-12-05 14:01:25] app.INFO: Module ps_mainmenu has no vendor folder [] []
[2020-12-05 14:01:25] app.INFO: Protect vendor folder in module ps_searchbar [] []
[2020-12-05 14:01:25] app.INFO: Module ps_searchbar has no vendor folder [] []
[2020-12-05 14:01:25] app.INFO: Protect vendor folder in module ps_sharebuttons [] []
[2020-12-05 14:01:25] app.INFO: Module ps_sharebuttons has no vendor folder [] []
[2020-12-05 14:01:25] app.INFO: Protect vendor folder in module ps_shoppingcart [] []
[2020-12-05 14:01:25] app.INFO: Module ps_shoppingcart has no vendor folder [] []
[2020-12-05 14:01:25] app.INFO: Protect vendor folder in module ps_socialfollow [] []
[2020-12-05 14:01:25] app.INFO: Module ps_socialfollow has no vendor folder [] []
[2020-12-05 14:01:25] app.INFO: Protect vendor folder in module ps_themecusto [] []
[2020-12-05 14:01:25] app.INFO: Module ps_themecusto has no vendor folder [] []
[2020-12-05 14:01:25] app.INFO: Protect vendor folder in module ps_wirepayment [] []
[2020-12-05 14:01:25] app.INFO: Module ps_wirepayment has no vendor folder [] []
[2020-12-05 14:01:25] app.INFO: Protect vendor folder in module sekeywords [] []
[2020-12-05 14:01:25] app.INFO: Module sekeywords has no vendor folder [] []
[2020-12-05 14:01:25] app.INFO: Protect vendor folder in module statsbestcategories [] []
[2020-12-05 14:01:25] app.INFO: Module statsbestcategories has no vendor folder [] []
[2020-12-05 14:01:25] app.INFO: Protect vendor folder in module statsbestcustomers [] []
[2020-12-05 14:01:25] app.INFO: Module statsbestcustomers has no vendor folder [] []
[2020-12-05 14:01:25] app.INFO: Protect vendor folder in module statsbestproducts [] []
[2020-12-05 14:01:25] app.INFO: Module statsbestproducts has no vendor folder [] []
[2020-12-05 14:01:25] app.INFO: Protect vendor folder in module statsbestsuppliers [] []
[2020-12-05 14:01:25] app.INFO: Module statsbestsuppliers has no vendor folder [] []
[2020-12-05 14:01:25] app.INFO: Protect vendor folder in module statsbestvouchers [] []
[2020-12-05 14:01:25] app.INFO: Module statsbestvouchers has no vendor folder [] []
[2020-12-05 14:01:25] app.INFO: Protect vendor folder in module statscarrier [] []
[2020-12-05 14:01:25] app.INFO: Module statscarrier has no vendor folder [] []
[2020-12-05 14:01:25] app.INFO: Protect vendor folder in module statscatalog [] []
[2020-12-05 14:01:25] app.INFO: Module statscatalog has no vendor folder [] []
[2020-12-05 14:01:25] app.INFO: Protect vendor folder in module statscheckup [] []
[2020-12-05 14:01:25] app.INFO: Module statscheckup has no vendor folder [] []
[2020-12-05 14:01:25] app.INFO: Protect vendor folder in module statsdata [] []
[2020-12-05 14:01:25] app.INFO: Module statsdata has no vendor folder [] []
[2020-12-05 14:01:25] app.INFO: Protect vendor folder in module statsequipment [] []
[2020-12-05 14:01:25] app.INFO: Module statsequipment has no vendor folder [] []
[2020-12-05 14:01:25] app.INFO: Protect vendor folder in module statsforecast [] []
[2020-12-05 14:01:25] app.INFO: Module statsforecast has no vendor folder [] []
[2020-12-05 14:01:25] app.INFO: Protect vendor folder in module statslive [] []
[2020-12-05 14:01:25] app.INFO: Module statslive has no vendor folder [] []
[2020-12-05 14:01:25] app.INFO: Protect vendor folder in module statsnewsletter [] []
[2020-12-05 14:01:25] app.INFO: Module statsnewsletter has no vendor folder [] []
[2020-12-05 14:01:25] app.INFO: Protect vendor folder in module statsorigin [] []
[2020-12-05 14:01:25] app.INFO: Module statsorigin has no vendor folder [] []
[2020-12-05 14:01:25] app.INFO: Protect vendor folder in module statspersonalinfos [] []
[2020-12-05 14:01:25] app.INFO: Module statspersonalinfos has no vendor folder [] []
[2020-12-05 14:01:25] app.INFO: Protect vendor folder in module statsproduct [] []
[2020-12-05 14:01:25] app.INFO: Module statsproduct has no vendor folder [] []
[2020-12-05 14:01:25] app.INFO: Protect vendor folder in module statsregistrations [] []
[2020-12-05 14:01:25] app.INFO: Module statsregistrations has no vendor folder [] []
[2020-12-05 14:01:25] app.INFO: Protect vendor folder in module statssales [] []
[2020-12-05 14:01:25] app.INFO: Module statssales has no vendor folder [] []
[2020-12-05 14:01:26] app.INFO: Protect vendor folder in module statssearch [] []
[2020-12-05 14:01:26] app.INFO: Module statssearch has no vendor folder [] []
[2020-12-05 14:01:26] app.INFO: Protect vendor folder in module statsstock [] []
[2020-12-05 14:01:26] app.INFO: Module statsstock has no vendor folder [] []
[2020-12-05 14:01:26] app.INFO: Protect vendor folder in module statsvisits [] []
[2020-12-05 14:01:26] app.INFO: Module statsvisits has no vendor folder [] []
[2020-12-05 14:01:26] app.INFO: Protect vendor folder in module welcome [] []
[2020-12-05 14:01:26] app.INFO: Module welcome has no vendor folder [] []
[2020-12-05 14:01:26] app.INFO: Exporting mail with theme modern for language Indonesia (Indonesia) [] []
[2020-12-05 14:01:26] app.INFO: Core output folder: C:\xampp\htdocs\getideashop/mails [] []
[2020-12-05 14:01:26] app.INFO: Modules output folder: C:\xampp\htdocs\getideashop/modules/ [] []
[2020-12-05 14:01:53] app.ERROR: The addon with id 29992 does not have name. [] []
[2020-12-05 14:01:54] app.INFO: Protect vendor folder in module gamification [] []
[2020-12-05 14:01:54] app.INFO: Protect vendor folder in module emarketing [] []
[2020-12-05 14:01:54] app.INFO: Protect vendor folder in module psaddonsconnect [] []
[2020-12-05 14:01:54] app.INFO: Protect vendor folder in module psgdpr [] []
[2020-12-05 14:01:54] app.INFO: Protect vendor folder in module ps_mbo [] []
[2020-12-05 14:01:54] app.INFO: Protect vendor folder in module ps_buybuttonlite [] []
[2020-12-05 14:01:59] app.INFO: Exporting mail with theme modern for language Indonesia (Indonesia) [] []
[2020-12-05 14:01:59] app.INFO: Core output folder: C:\xampp\htdocs\getideashop/mails [] []
[2020-12-05 14:01:59] app.INFO: Modules output folder: C:\xampp\htdocs\getideashop/modules/ [] []
[2020-12-05 14:02:09] app.ERROR: The addon with id 29992 does not have name. [] []
[2020-12-05 14:02:10] app.INFO: Protect vendor folder in module blockreassurance [] []
[2020-12-05 14:02:10] app.INFO: Module blockreassurance has no vendor folder [] []
[2020-12-05 14:02:40] app.ERROR: The addon with id 29992 does not have name. [] []
[2020-12-05 14:02:41] app.INFO: Protect vendor folder in module ps_facetedsearch [] []
[2020-12-05 14:02:41] app.INFO: Module ps_facetedsearch has no vendor folder [] []
[2020-12-05 14:04:12] request.INFO: Matched route "admin_product_form". {"route":"admin_product_form","route_parameters":{"_controller":"PrestaShopBundle\\Controller\\Admin\\ProductController::formAction","_legacy_controller":"AdminProducts","_legacy_param_mapper_class":"PrestaShop\\PrestaShop\\Adapter\\Product\\AdminProductDataProvider","_legacy_param_mapper_method":"mapLegacyParametersProductForm","id":"20","_route":"admin_product_form"},"request_uri":"http://localhost/getideashop/admin1/index.php/sell/catalog/products/20?_token=uy3_79NGnHW1AHgSDPoBlGx6eeEZDTUqRoj3XLVMli0","method":"GET"} []
[2020-12-05 14:04:12] security.DEBUG: Read existing security token from the session. {"key":"_security_main","token_class":"Symfony\\Component\\Security\\Core\\Authentication\\Token\\UsernamePasswordToken"} []
[2020-12-05 14:04:12] security.DEBUG: User was reloaded from a user provider. {"provider":"PrestaShopBundle\\Security\\Admin\\EmployeeProvider","username":"1606109@sttgarut.ac.id"} []
[2020-12-05 14:04:15] app.ERROR: The addon with id 29992 does not have name. [] []
[2020-12-05 14:04:16] security.DEBUG: Stored the security token in the session. {"key":"_security_main"} []
[2020-12-05 14:07:35] request.INFO: Matched route "admin_module_configure_action". {"route":"admin_module_configure_action","route_parameters":{"_controller":"PrestaShopBundle\\Controller\\Admin\\Improve\\ModuleController::configureModuleAction","_legacy_controller":"AdminModules","module_name":"midtranspay","_route":"admin_module_configure_action"},"request_uri":"http://localhost/getideashop/admin1/index.php/improve/modules/manage/action/configure/midtranspay?_token=uy3_79NGnHW1AHgSDPoBlGx6eeEZDTUqRoj3XLVMli0","method":"GET"} []
[2020-12-05 14:07:35] security.DEBUG: Read existing security token from the session. {"key":"_security_main","token_class":"Symfony\\Component\\Security\\Core\\Authentication\\Token\\UsernamePasswordToken"} []
[2020-12-05 14:07:35] security.DEBUG: User was reloaded from a user provider. {"provider":"PrestaShopBundle\\Security\\Admin\\EmployeeProvider","username":"1606109@sttgarut.ac.id"} []
[2020-12-05 14:07:37] app.ERROR: The addon with id 29992 does not have name. [] []
[2020-12-05 14:07:38] security.DEBUG: Stored the security token in the session. {"key":"_security_main"} []
[2020-12-05 14:12:32] request.INFO: Matched route "admin_module_configure_action". {"route":"admin_module_configure_action","route_parameters":{"_controller":"PrestaShopBundle\\Controller\\Admin\\Improve\\ModuleController::configureModuleAction","_legacy_controller":"AdminModules","module_name":"mycarrier_rj","_route":"admin_module_configure_action"},"request_uri":"http://localhost/getideashop/admin1/index.php/improve/modules/manage/action/configure/mycarrier_rj?_token=uy3_79NGnHW1AHgSDPoBlGx6eeEZDTUqRoj3XLVMli0","method":"GET"} []
[2020-12-05 14:12:32] security.DEBUG: Read existing security token from the session. {"key":"_security_main","token_class":"Symfony\\Component\\Security\\Core\\Authentication\\Token\\UsernamePasswordToken"} []
[2020-12-05 14:12:32] security.DEBUG: User was reloaded from a user provider. {"provider":"PrestaShopBundle\\Security\\Admin\\EmployeeProvider","username":"1606109@sttgarut.ac.id"} []
[2020-12-05 14:12:34] app.ERROR: The addon with id 29992 does not have name. [] []
[2020-12-05 14:12:35] security.DEBUG: Stored the security token in the session. {"key":"_security_main"} []
